<component name="libraryTable">
  <library name="junit-platform-commons-1.5.2">
    <CLASSES>
      <root url="jar://$PROJECT_DIR$/../../Berlyngo/junit-platform-commons-1.5.2.jar!/" />
      <root url="jar://$PROJECT_DIR$/../../Berlyngo/jsr305-3.0.2.jar!/" />
      <root url="jar://$PROJECT_DIR$/../../Berlyngo/xml-apis-1.4.01.jar!/" />
      <root url="file://$PROJECT_DIR$" />
    </CLASSES>
    <JAVADOC />
    <SOURCES>
      <root url="file://$PROJECT_DIR$/src" />
      <root url="file://$PROJECT_DIR$/tests" />
    </SOURCES>
  </library>
</component>